<?xml version="1.0" encoding="UTF-8"?>
<testng-results skipped="0" failed="0" ignored="0" total="2" passed="2">
  <reporter-output>
  </reporter-output>
  <suite name="Default suite" duration-ms="92120" started-at="2018-03-02T07:41:57Z" finished-at="2018-03-02T07:43:29Z">
    <groups>
    </groups>
    <test name="Default test" duration-ms="92120" started-at="2018-03-02T07:41:57Z" finished-at="2018-03-02T07:43:29Z">
      <class name="com.niuguwang.cases.casetest">
        <test-method status="PASS" signature="beforeSuite()[pri:0, instance:com.niuguwang.cases.casetest@1b68ddbd]" name="beforeSuite" is-config="true" duration-ms="23175" started-at="2018-03-02T15:41:33Z" finished-at="2018-03-02T15:41:57Z">
          <reporter-output>
          </reporter-output>
        </test-method> <!-- beforeSuite -->
        <test-method status="PASS" signature="initDriver()[pri:0, instance:com.niuguwang.cases.casetest@1b68ddbd]" name="initDriver" is-config="true" duration-ms="14" started-at="2018-03-02T15:41:57Z" finished-at="2018-03-02T15:41:57Z">
          <reporter-output>
          </reporter-output>
        </test-method> <!-- initDriver -->
        <test-method status="PASS" signature="login()[pri:1, instance:com.niuguwang.cases.casetest@1b68ddbd]" name="login" duration-ms="45013" started-at="2018-03-02T15:41:57Z" finished-at="2018-03-02T15:42:42Z">
          <reporter-output>
          </reporter-output>
        </test-method> <!-- login -->
        <test-method status="PASS" signature="loginpasserror()[pri:3, instance:com.niuguwang.cases.casetest@1b68ddbd]" name="loginpasserror" duration-ms="47066" started-at="2018-03-02T15:42:42Z" finished-at="2018-03-02T15:43:29Z">
          <reporter-output>
          </reporter-output>
        </test-method> <!-- loginpasserror -->
        <test-method status="PASS" signature="afterClass()[pri:0, instance:com.niuguwang.cases.casetest@1b68ddbd]" name="afterClass" is-config="true" duration-ms="0" started-at="2018-03-02T15:43:29Z" finished-at="2018-03-02T15:43:29Z">
          <reporter-output>
          </reporter-output>
        </test-method> <!-- afterClass -->
        <test-method status="PASS" signature="afterTest()[pri:0, instance:com.niuguwang.cases.casetest@1b68ddbd]" name="afterTest" is-config="true" duration-ms="0" started-at="2018-03-02T15:43:29Z" finished-at="2018-03-02T15:43:29Z">
          <reporter-output>
          </reporter-output>
        </test-method> <!-- afterTest -->
      </class> <!-- com.niuguwang.cases.casetest -->
    </test> <!-- Default test -->
  </suite> <!-- Default suite -->
</testng-results>
